<?xml version="1.0" encoding="UTF-8"?>
<!-- Generated by org.testng.reporters.JUnitReportReporter -->
<testsuite hostname="LAPTOP-M3HSMS1J" failures="0" tests="1" name="Practice.PracticeTest" time="23.152" errors="0" timestamp="2023-03-30T13:50:19 IST" skipped="0">
  <testcase classname="Practice.PracticeTest" name="SampleTestScript" time="23.152"/>
  <system-out/>
</testsuite> <!-- Practice.PracticeTest -->
